<?xml version="1.0" encoding="UTF-8"?>
<!-- Generated by org.testng.reporters.JUnitReportReporter -->
<testsuite hostname="DESKTOP-PCH3F9Q" failures="0" tests="1" name="com.rameshsoft.job.jobhardwork.JobHardwork" time="0.011" errors="0" timestamp="2024-10-30T07:50:57 IST" skipped="0">
  <testcase classname="com.rameshsoft.job.jobhardwork.JobHardwork" name="hardworkJob" time="0.011"/>
</testsuite> <!-- com.rameshsoft.job.jobhardwork.JobHardwork -->
